2017-03-03 01:16:51,901 [Worker-0] INFO  c.g.t.t.d.PublishedGradleVersions - Gradle version information cache is up-to-date. Trying to read.
2017-03-03 01:18:10,259 [Worker-14] INFO  o.e.m.c.i.l.LifecycleMappingFactory - Using org.eclipse.m2e.jdt.JarLifecycleMapping lifecycle mapping for MavenProject: fr.esiea.Ranaivo_Remy:LetterGame:0.0.0-SNAPSHOT @ /Users/camil/Downloads/Letter_Game-master/LetterGame/pom.xml.
2017-03-03 01:18:10,264 [Worker-3] INFO  o.e.m.c.i.l.LifecycleMappingFactory - Using org.eclipse.m2e.jdt.JarLifecycleMapping lifecycle mapping for MavenProject: fr.esiea.Ranaivo_Remy:LetterGame:0.0.0-SNAPSHOT @ /Users/camil/Downloads/Letter_Game-master/LetterGame/pom.xml.
2017-03-03 01:18:10,742 [Worker-14] INFO  o.e.m.c.i.embedder.EclipseLogger - Using 'UTF-8' encoding to copy filtered resources.
2017-03-03 01:18:10,752 [Worker-14] INFO  o.e.m.c.i.embedder.EclipseLogger - Copying 2 resources
2017-03-03 01:18:10,776 [Worker-14] INFO  o.e.m.c.i.embedder.EclipseLogger - Using 'UTF-8' encoding to copy filtered resources.
2017-03-03 01:18:10,776 [Worker-14] INFO  o.e.m.c.i.embedder.EclipseLogger - skip non existing resourceDirectory /Users/camil/Downloads/Letter_Game-master/LetterGame/src/test/resources
2017-03-03 01:18:12,525 [Worker-13] INFO  o.e.m.c.i.l.LifecycleMappingFactory - Using org.eclipse.m2e.jdt.JarLifecycleMapping lifecycle mapping for MavenProject: fr.esiea.Ranaivo_Remy:LetterGame:0.0.0-SNAPSHOT @ /Users/camil/Downloads/Letter_Game-master/LetterGame/pom.xml.
2017-03-03 01:18:12,743 [Worker-10] INFO  o.e.m.c.i.embedder.EclipseLogger - Using 'UTF-8' encoding to copy filtered resources.
2017-03-03 01:18:12,751 [Worker-10] INFO  o.e.m.c.i.embedder.EclipseLogger - Copying 2 resources
2017-03-03 01:18:12,767 [Worker-10] INFO  o.e.m.c.i.embedder.EclipseLogger - Using 'UTF-8' encoding to copy filtered resources.
2017-03-03 01:18:12,767 [Worker-10] INFO  o.e.m.c.i.embedder.EclipseLogger - skip non existing resourceDirectory /Users/camil/Downloads/Letter_Game-master/LetterGame/src/test/resources
2017-03-03 01:18:13,816 [Worker-14] INFO  o.e.m.c.i.embedder.EclipseLogger - Using 'UTF-8' encoding to copy filtered resources.
2017-03-03 01:18:13,816 [Worker-14] INFO  o.e.m.c.i.embedder.EclipseLogger - Copying 0 resource
2017-03-03 01:18:13,818 [Worker-14] INFO  o.e.m.c.i.embedder.EclipseLogger - Using 'UTF-8' encoding to copy filtered resources.
2017-03-03 01:18:13,819 [Worker-14] INFO  o.e.m.c.i.embedder.EclipseLogger - skip non existing resourceDirectory /Users/camil/Downloads/Letter_Game-master/LetterGame/src/test/resources
2017-03-03 10:06:09,821 [Worker-22] INFO  o.e.m.c.i.embedder.EclipseLogger - Using 'UTF-8' encoding to copy filtered resources.
2017-03-03 10:06:09,823 [Worker-22] INFO  o.e.m.c.i.embedder.EclipseLogger - Copying 0 resource
2017-03-03 10:06:09,825 [Worker-22] INFO  o.e.m.c.i.embedder.EclipseLogger - Using 'UTF-8' encoding to copy filtered resources.
2017-03-03 10:06:09,825 [Worker-22] INFO  o.e.m.c.i.embedder.EclipseLogger - skip non existing resourceDirectory /Users/camil/Downloads/Letter_Game-master/LetterGame/src/test/resources
2017-03-03 10:07:26,121 [Worker-21] INFO  o.e.m.c.i.embedder.EclipseLogger - Using 'UTF-8' encoding to copy filtered resources.
2017-03-03 10:07:26,122 [Worker-21] INFO  o.e.m.c.i.embedder.EclipseLogger - Copying 2 resources
2017-03-03 10:07:26,123 [Worker-21] INFO  o.e.m.c.i.embedder.EclipseLogger - Using 'UTF-8' encoding to copy filtered resources.
2017-03-03 10:07:26,124 [Worker-21] INFO  o.e.m.c.i.embedder.EclipseLogger - skip non existing resourceDirectory /Users/camil/Downloads/Letter_Game-master/LetterGame/src/test/resources
2017-03-03 10:20:08,750 [Worker-26] INFO  o.e.m.c.i.l.LifecycleMappingFactory - Using org.eclipse.m2e.jdt.JarLifecycleMapping lifecycle mapping for MavenProject: fr.esiea.Harchi_Juma:LetterGame:0.0.0-SNAPSHOT @ /Users/camil/Downloads/Letter_Game-master/LetterGame/pom.xml.
2017-03-03 10:20:09,030 [Worker-26] INFO  o.e.m.c.i.embedder.EclipseLogger - Using 'UTF-8' encoding to copy filtered resources.
2017-03-03 10:20:09,042 [Worker-26] INFO  o.e.m.c.i.embedder.EclipseLogger - Copying 0 resource
2017-03-03 10:20:09,046 [Worker-26] INFO  o.e.m.c.i.embedder.EclipseLogger - Using 'UTF-8' encoding to copy filtered resources.
2017-03-03 10:20:09,047 [Worker-26] INFO  o.e.m.c.i.embedder.EclipseLogger - skip non existing resourceDirectory /Users/camil/Downloads/Letter_Game-master/LetterGame/src/test/resources
2017-03-03 10:20:24,046 [Worker-24] INFO  o.e.m.c.i.embedder.EclipseLogger - Using 'UTF-8' encoding to copy filtered resources.
2017-03-03 10:20:24,047 [Worker-24] INFO  o.e.m.c.i.embedder.EclipseLogger - Copying 0 resource
2017-03-03 10:20:24,048 [Worker-24] INFO  o.e.m.c.i.embedder.EclipseLogger - Using 'UTF-8' encoding to copy filtered resources.
2017-03-03 10:20:24,048 [Worker-24] INFO  o.e.m.c.i.embedder.EclipseLogger - skip non existing resourceDirectory /Users/camil/Downloads/Letter_Game-master/LetterGame/src/test/resources
2017-03-03 10:20:41,448 [Worker-26] INFO  o.e.m.c.i.embedder.EclipseLogger - Using 'UTF-8' encoding to copy filtered resources.
2017-03-03 10:20:41,448 [Worker-26] INFO  o.e.m.c.i.embedder.EclipseLogger - Copying 0 resource
2017-03-03 10:20:41,450 [Worker-26] INFO  o.e.m.c.i.embedder.EclipseLogger - Using 'UTF-8' encoding to copy filtered resources.
2017-03-03 10:20:41,450 [Worker-26] INFO  o.e.m.c.i.embedder.EclipseLogger - skip non existing resourceDirectory /Users/camil/Downloads/Letter_Game-master/LetterGame/src/test/resources
2017-03-03 10:20:43,228 [Worker-26] INFO  o.e.m.c.i.embedder.EclipseLogger - Using 'UTF-8' encoding to copy filtered resources.
2017-03-03 10:20:43,229 [Worker-26] INFO  o.e.m.c.i.embedder.EclipseLogger - Copying 0 resource
2017-03-03 10:20:43,230 [Worker-26] INFO  o.e.m.c.i.embedder.EclipseLogger - Using 'UTF-8' encoding to copy filtered resources.
2017-03-03 10:20:43,231 [Worker-26] INFO  o.e.m.c.i.embedder.EclipseLogger - skip non existing resourceDirectory /Users/camil/Downloads/Letter_Game-master/LetterGame/src/test/resources
2017-03-03 10:20:44,944 [Worker-26] INFO  o.e.m.c.i.embedder.EclipseLogger - Using 'UTF-8' encoding to copy filtered resources.
2017-03-03 10:20:44,944 [Worker-26] INFO  o.e.m.c.i.embedder.EclipseLogger - Copying 0 resource
2017-03-03 10:20:44,946 [Worker-26] INFO  o.e.m.c.i.embedder.EclipseLogger - Using 'UTF-8' encoding to copy filtered resources.
2017-03-03 10:20:44,946 [Worker-26] INFO  o.e.m.c.i.embedder.EclipseLogger - skip non existing resourceDirectory /Users/camil/Downloads/Letter_Game-master/LetterGame/src/test/resources
2017-03-03 10:20:53,766 [Worker-27] INFO  o.e.m.c.i.embedder.EclipseLogger - Using 'UTF-8' encoding to copy filtered resources.
2017-03-03 10:20:53,767 [Worker-27] INFO  o.e.m.c.i.embedder.EclipseLogger - Copying 2 resources
2017-03-03 10:20:53,776 [Worker-27] INFO  o.e.m.c.i.embedder.EclipseLogger - Using 'UTF-8' encoding to copy filtered resources.
2017-03-03 10:20:53,776 [Worker-27] INFO  o.e.m.c.i.embedder.EclipseLogger - skip non existing resourceDirectory /Users/camil/Downloads/Letter_Game-master/LetterGame/src/test/resources
2017-03-03 10:20:56,196 [Worker-21] INFO  o.e.m.c.i.embedder.EclipseLogger - Using 'UTF-8' encoding to copy filtered resources.
2017-03-03 10:20:56,197 [Worker-21] INFO  o.e.m.c.i.embedder.EclipseLogger - Copying 2 resources
2017-03-03 10:20:56,199 [Worker-21] INFO  o.e.m.c.i.embedder.EclipseLogger - Using 'UTF-8' encoding to copy filtered resources.
2017-03-03 10:20:56,200 [Worker-21] INFO  o.e.m.c.i.embedder.EclipseLogger - skip non existing resourceDirectory /Users/camil/Downloads/Letter_Game-master/LetterGame/src/test/resources
2017-03-03 10:21:00,991 [Worker-14] INFO  o.e.m.c.i.embedder.EclipseLogger - Using 'UTF-8' encoding to copy filtered resources.
2017-03-03 10:21:00,992 [Worker-14] INFO  o.e.m.c.i.embedder.EclipseLogger - Copying 2 resources
2017-03-03 10:21:00,995 [Worker-14] INFO  o.e.m.c.i.embedder.EclipseLogger - Using 'UTF-8' encoding to copy filtered resources.
2017-03-03 10:21:00,996 [Worker-14] INFO  o.e.m.c.i.embedder.EclipseLogger - skip non existing resourceDirectory /Users/camil/Downloads/Letter_Game-master/LetterGame/src/test/resources
2017-03-03 10:21:02,579 [Worker-21] INFO  o.e.m.c.i.embedder.EclipseLogger - Using 'UTF-8' encoding to copy filtered resources.
2017-03-03 10:21:02,579 [Worker-21] INFO  o.e.m.c.i.embedder.EclipseLogger - Copying 2 resources
2017-03-03 10:21:02,581 [Worker-21] INFO  o.e.m.c.i.embedder.EclipseLogger - Using 'UTF-8' encoding to copy filtered resources.
2017-03-03 10:21:02,581 [Worker-21] INFO  o.e.m.c.i.embedder.EclipseLogger - skip non existing resourceDirectory /Users/camil/Downloads/Letter_Game-master/LetterGame/src/test/resources
2017-03-03 10:21:04,108 [Worker-24] INFO  o.e.m.c.i.embedder.EclipseLogger - Using 'UTF-8' encoding to copy filtered resources.
2017-03-03 10:21:04,109 [Worker-24] INFO  o.e.m.c.i.embedder.EclipseLogger - Copying 2 resources
2017-03-03 10:21:04,111 [Worker-24] INFO  o.e.m.c.i.embedder.EclipseLogger - Using 'UTF-8' encoding to copy filtered resources.
2017-03-03 10:21:04,112 [Worker-24] INFO  o.e.m.c.i.embedder.EclipseLogger - skip non existing resourceDirectory /Users/camil/Downloads/Letter_Game-master/LetterGame/src/test/resources
2017-03-03 10:21:05,531 [Worker-25] INFO  o.e.m.c.i.embedder.EclipseLogger - Using 'UTF-8' encoding to copy filtered resources.
2017-03-03 10:21:05,532 [Worker-25] INFO  o.e.m.c.i.embedder.EclipseLogger - Copying 2 resources
2017-03-03 10:21:05,535 [Worker-25] INFO  o.e.m.c.i.embedder.EclipseLogger - Using 'UTF-8' encoding to copy filtered resources.
2017-03-03 10:21:05,536 [Worker-25] INFO  o.e.m.c.i.embedder.EclipseLogger - skip non existing resourceDirectory /Users/camil/Downloads/Letter_Game-master/LetterGame/src/test/resources
2017-03-03 10:21:06,805 [Worker-28] INFO  o.e.m.c.i.embedder.EclipseLogger - Using 'UTF-8' encoding to copy filtered resources.
2017-03-03 10:21:06,806 [Worker-28] INFO  o.e.m.c.i.embedder.EclipseLogger - Copying 2 resources
2017-03-03 10:21:06,807 [Worker-28] INFO  o.e.m.c.i.embedder.EclipseLogger - Using 'UTF-8' encoding to copy filtered resources.
2017-03-03 10:21:06,807 [Worker-28] INFO  o.e.m.c.i.embedder.EclipseLogger - skip non existing resourceDirectory /Users/camil/Downloads/Letter_Game-master/LetterGame/src/test/resources
2017-03-03 10:21:18,013 [Worker-28] INFO  o.e.m.c.i.embedder.EclipseLogger - Using 'UTF-8' encoding to copy filtered resources.
2017-03-03 10:21:18,013 [Worker-28] INFO  o.e.m.c.i.embedder.EclipseLogger - Copying 2 resources
2017-03-03 10:21:18,015 [Worker-28] INFO  o.e.m.c.i.embedder.EclipseLogger - Using 'UTF-8' encoding to copy filtered resources.
2017-03-03 10:21:18,015 [Worker-28] INFO  o.e.m.c.i.embedder.EclipseLogger - skip non existing resourceDirectory /Users/camil/Downloads/Letter_Game-master/LetterGame/src/test/resources
2017-03-03 10:22:39,247 [Worker-28] INFO  o.e.m.c.i.embedder.EclipseLogger - Using 'UTF-8' encoding to copy filtered resources.
2017-03-03 10:22:39,248 [Worker-28] INFO  o.e.m.c.i.embedder.EclipseLogger - Copying 2 resources
2017-03-03 10:22:39,249 [Worker-28] INFO  o.e.m.c.i.embedder.EclipseLogger - Using 'UTF-8' encoding to copy filtered resources.
2017-03-03 10:22:39,249 [Worker-28] INFO  o.e.m.c.i.embedder.EclipseLogger - skip non existing resourceDirectory /Users/camil/Downloads/Letter_Game-master/LetterGame/src/test/resources
2017-03-03 10:23:01,297 [Worker-28] INFO  o.e.m.c.i.embedder.EclipseLogger - Using 'UTF-8' encoding to copy filtered resources.
2017-03-03 10:23:01,298 [Worker-28] INFO  o.e.m.c.i.embedder.EclipseLogger - Copying 2 resources
2017-03-03 10:23:01,300 [Worker-28] INFO  o.e.m.c.i.embedder.EclipseLogger - Using 'UTF-8' encoding to copy filtered resources.
2017-03-03 10:23:01,300 [Worker-28] INFO  o.e.m.c.i.embedder.EclipseLogger - skip non existing resourceDirectory /Users/camil/Downloads/Letter_Game-master/LetterGame/src/test/resources
2017-03-03 10:23:28,455 [Worker-21] INFO  o.e.m.c.i.embedder.EclipseLogger - Using 'UTF-8' encoding to copy filtered resources.
2017-03-03 10:23:28,456 [Worker-21] INFO  o.e.m.c.i.embedder.EclipseLogger - Copying 2 resources
2017-03-03 10:23:28,459 [Worker-21] INFO  o.e.m.c.i.embedder.EclipseLogger - Using 'UTF-8' encoding to copy filtered resources.
2017-03-03 10:23:28,459 [Worker-21] INFO  o.e.m.c.i.embedder.EclipseLogger - skip non existing resourceDirectory /Users/camil/Downloads/Letter_Game-master/LetterGame/src/test/resources
2017-03-03 10:23:46,518 [Worker-25] INFO  o.e.m.c.i.embedder.EclipseLogger - Using 'UTF-8' encoding to copy filtered resources.
2017-03-03 10:23:46,519 [Worker-25] INFO  o.e.m.c.i.embedder.EclipseLogger - Copying 2 resources
2017-03-03 10:23:46,521 [Worker-25] INFO  o.e.m.c.i.embedder.EclipseLogger - Using 'UTF-8' encoding to copy filtered resources.
2017-03-03 10:23:46,521 [Worker-25] INFO  o.e.m.c.i.embedder.EclipseLogger - skip non existing resourceDirectory /Users/camil/Downloads/Letter_Game-master/LetterGame/src/test/resources
2017-03-03 10:24:15,936 [Worker-28] INFO  o.e.m.c.i.embedder.EclipseLogger - Using 'UTF-8' encoding to copy filtered resources.
2017-03-03 10:24:15,936 [Worker-28] INFO  o.e.m.c.i.embedder.EclipseLogger - Copying 0 resource
2017-03-03 10:24:15,938 [Worker-28] INFO  o.e.m.c.i.embedder.EclipseLogger - Using 'UTF-8' encoding to copy filtered resources.
2017-03-03 10:24:15,938 [Worker-28] INFO  o.e.m.c.i.embedder.EclipseLogger - skip non existing resourceDirectory /Users/camil/Downloads/Letter_Game-master/LetterGame/src/test/resources
